<?xml version="1.0" encoding="UTF-8"?>
<!-- Generated by org.testng.reporters.JUnitReportReporter -->
<testsuite skipped="0" hostname="LAPTOP-8OF1CJ1H" name="testng.TestngFacebook" tests="6" failures="0" timestamp="04 Apr 2018 12:20:03 GMT" time="67.229" errors="0">
  <testcase name="CreateBtntest" time="8.001" classname="testng.TestngFacebook"/>
  <testcase name="TitleVerificationTest" time="9.716" classname="testng.TestngFacebook"/>
  <testcase name="BirthdayDetailsTest" time="10.735" classname="testng.TestngFacebook"/>
  <testcase name="ForgottenAccountTest" time="15.916" classname="testng.TestngFacebook"/>
  <testcase name="SignUpDetailsTest" time="13.260" classname="testng.TestngFacebook"/>
  <testcase name="GenderDetailsTest" time="9.601" classname="testng.TestngFacebook"/>
</testsuite> <!-- testng.TestngFacebook -->
